[2025/11/15 14:50:35.900 +08:00] [INFO] [logutil/logutil.go:165] ["Log directory"] [configDir="F:\\juese4_de\\CS-5481-master\\milvus_lite_data\\logs"]
[2025/11/15 14:50:35.900 +08:00] [INFO] [logutil/logutil.go:166] ["Set log file to "] [path="F:\\juese4_de\\CS-5481-master\\milvus_lite_data\\logs/standalone-33.log"]
[2025/11/15 14:50:35.900 +08:00] [WARN] [sessionutil/session_util.go:1044] ["open server info file fail"] [filePath="\\tmp\\milvus\\server_id_20684"] [error="open \\tmp\\milvus\\server_id_20684: The system cannot find the path specified."]
[2025/11/15 14:50:35.900 +08:00] [WARN] [sessionutil/session_util.go:1044] ["open server info file fail"] [filePath="\\tmp\\milvus\\server_id_20684"] [error="open \\tmp\\milvus\\server_id_20684: The system cannot find the path specified."]
[2025/11/15 14:50:35.900 +08:00] [INFO] [querynode/query_node.go:211] ["QueryNode init session"] [nodeID=33] ["node address"=192.168.0.109:40002]
[2025/11/15 14:50:35.900 +08:00] [INFO] [querynode/query_node.go:327] ["QueryNode init rateCollector done"] [nodeID=33]
[2025/11/15 14:50:35.900 +08:00] [INFO] [querynode/query_node.go:337] ["queryNode try to connect etcd success"] [MetaRootPath=by-dev/meta]
[2025/11/15 14:50:35.900 +08:00] [DEBUG] [indexnode/indexnode.go:204] ["IndexNode init session successful"] [serverID=34]
[2025/11/15 14:50:35.900 +08:00] [DEBUG] [indexnode/indexnode.go:212] ["IndexNode NewMinIOKV succeeded"]
[2025/11/15 14:50:35.900 +08:00] [INFO] [querynode/segment_loader.go:978] ["SegmentLoader created"] [ioPoolSize=64] [cpuPoolSize=8]
[2025/11/15 14:50:35.901 +08:00] [DEBUG] [indexnode/indexnode.go:218] ["Init IndexNode finished"] []
[2025/11/15 14:50:35.901 +08:00] [INFO] [indexnode/service.go:78] ["IndexNode init done ..."]
[2025/11/15 14:50:35.901 +08:00] [DEBUG] [indexnode/indexnode.go:233] [IndexNode] [State=Healthy]
[2025/11/15 14:50:35.901 +08:00] [DEBUG] [indexnode/indexnode.go:236] ["IndexNode start finished"] []
[2025/11/15 14:50:35.901 +08:00] [INFO] [indexnode/task_scheduler.go:240] ["IndexNode TaskScheduler start build loop ..."]
[2025/11/15 14:50:35.901 +08:00] [INFO] [sessionutil/session_util.go:368] ["service begin to register to etcd"] [serverName=indexnode] [ServerID=34]
[2025/11/15 14:50:35.901 +08:00] [INFO] [gc/gc_tuner.go:130] ["GC Helper initialized."] ["Initial GoGC"=100] [minimumGOGC=30] [maximumGOGC=200] [memoryThreshold=23038319001]
[2025/11/15 14:50:35.901 +08:00] [INFO] [querynode/query_node.go:382] ["query node init successfully"] [queryNodeID=33] [IP=192.168.0.109] [Port=40002]
[2025/11/15 14:50:35.901 +08:00] [INFO] [querynode/service.go:235] ["QueryNode init done ..."]
[2025/11/15 14:50:35.901 +08:00] [INFO] [querynode/query_node.go:411] ["query node start successfully"] [queryNodeID=33] [IP=192.168.0.109] [Port=40002]
[2025/11/15 14:50:35.901 +08:00] [INFO] [sessionutil/session_util.go:368] ["service begin to register to etcd"] [serverName=querynode] [ServerID=33]
[2025/11/15 14:50:35.908 +08:00] [INFO] [config/etcd_source.go:145] ["start refreshing configurations"]
[2025/11/15 14:50:35.908 +08:00] [INFO] [sessionutil/session_util.go:305] ["Session get serverID success"] [key=id] [ServerId=35]
[2025/11/15 14:50:35.908 +08:00] [INFO] [indexcoord/index_coord.go:207] ["IndexCoord init"] [stateCode=Initializing]
[2025/11/15 14:50:35.908 +08:00] [INFO] [indexcoord/index_coord.go:214] ["IndexCoord try to connect etcd"]
[2025/11/15 14:50:35.908 +08:00] [INFO] [indexcoord/meta_table.go:98] ["IndexCoord metaTable reloadFromKV load indexes"]
[2025/11/15 14:50:35.910 +08:00] [INFO] [sessionutil/session_util.go:405] ["put session key into etcd"] [key=by-dev/meta/session/querynode-33] [value="{\"ServerID\":33,\"ServerName\":\"querynode\",\"Address\":\"192.168.0.109:40002\",\"TriggerKill\":true,\"Version\":\"2.2.16\"}"]
[2025/11/15 14:50:35.910 +08:00] [INFO] [sessionutil/session_util.go:405] ["put session key into etcd"] [key=by-dev/meta/session/indexnode-34] [value="{\"ServerID\":34,\"ServerName\":\"indexnode\",\"Address\":\"192.168.0.109:40004\",\"TriggerKill\":true,\"Version\":\"2.2.16\"}"]
[2025/11/15 14:50:35.910 +08:00] [INFO] [sessionutil/session_util.go:417] ["Service registered successfully"] [ServerName=querynode] [serverID=33]
[2025/11/15 14:50:35.910 +08:00] [INFO] [indexcoord/meta_table.go:118] ["IndexCoord metaTable reloadFromKV success"]
[2025/11/15 14:50:35.910 +08:00] [INFO] [querynode/query_node.go:219] ["QueryNode Register Finished"]
[2025/11/15 14:50:35.910 +08:00] [INFO] [indexcoord/index_coord.go:221] ["IndexCoord try to connect etcd success"]
[2025/11/15 14:50:35.910 +08:00] [INFO] [sessionutil/session_util.go:417] ["Service registered successfully"] [ServerName=indexnode] [serverID=34]
[2025/11/15 14:50:35.910 +08:00] [INFO] [indexnode/indexnode.go:133] ["IndexNode Register Finished"]
[2025/11/15 14:50:35.910 +08:00] [WARN] [sessionutil/session_util.go:337] ["fail to get the session key from the etcd"] []
[2025/11/15 14:50:35.910 +08:00] [WARN] [sessionutil/session_util.go:337] ["fail to get the session key from the etcd"] []
[2025/11/15 14:50:35.910 +08:00] [INFO] [sessionutil/session_util.go:532] ["SessionUtil GetSessions "] [prefix=indexnode] [key=indexnode-20] [address=192.168.0.109:40004]
[2025/11/15 14:50:35.910 +08:00] [INFO] [sessionutil/session_util.go:532] ["SessionUtil GetSessions "] [prefix=indexnode] [key=indexnode-28] [address=192.168.0.109:40004]
[2025/11/15 14:50:35.910 +08:00] [INFO] [sessionutil/session_util.go:532] ["SessionUtil GetSessions "] [prefix=indexnode] [key=indexnode-34] [address=192.168.0.109:40004]
[2025/11/15 14:50:35.910 +08:00] [INFO] [indexcoord/index_coord.go:225] [IndexCoord] ["session number"=3] [revision=451]
[2025/11/15 14:50:35.910 +08:00] [INFO] [indexcoord/index_coord.go:230] ["IndexCoord get node sessions from etcd"] ["bind mode"=false] ["node address"=localhost:22930]
[2025/11/15 14:50:35.910 +08:00] [INFO] [indexcoord/node_manager.go:95] ["IndexCoord addNode"] [nodeID=20] ["node address"=192.168.0.109:40004]
[2025/11/15 14:50:35.910 +08:00] [INFO] [querynode/service.go:240] ["QueryNode start done ..."]
[2025/11/15 14:50:35.910 +08:00] [INFO] [indexnode/service.go:214] ["IndexNode Register etcd success"]
[2025/11/15 14:50:35.910 +08:00] [INFO] [indexnode/service.go:82] ["IndexNode start done ..."]
[2025/11/15 14:50:35.910 +08:00] [DEBUG] [components/query_node.go:57] ["QueryNode successfully started"]
[2025/11/15 14:50:35.910 +08:00] [DEBUG] [components/index_node.go:55] ["IndexNode successfully started"]
[2025/11/15 14:50:35.910 +08:00] [DEBUG] [paramtable/grpc_param.go:263] ["Init client max send size"] [role=indexcoord] [grpc.clientMaxSendSize=104857600]
[2025/11/15 14:50:35.910 +08:00] [DEBUG] [paramtable/grpc_param.go:263] ["Init client max recv size"] [role=indexcoord] [grpc.clientMaxRecvSize=104857600]
[2025/11/15 14:50:35.910 +08:00] [DEBUG] [paramtable/grpc_param.go:263] ["Init dial timeout"] [role=indexcoord] [grpc.client.dialTimeout=104857600]
[2025/11/15 14:50:35.910 +08:00] [DEBUG] [paramtable/grpc_param.go:263] ["Init keep alive timeout"] [role=indexcoord] [grpc.client.keepAliveTimeout=104857600]
[2025/11/15 14:50:35.910 +08:00] [DEBUG] [paramtable/grpc_param.go:263] ["Init keep alive time"] [role=indexcoord] [grpc.client.keepAliveTime=104857600]
[2025/11/15 14:50:35.910 +08:00] [DEBUG] [paramtable/grpc_param.go:263] ["Init max attempts"] [role=indexcoord] [grpc.client.maxMaxAttempts=104857600]
[2025/11/15 14:50:35.910 +08:00] [DEBUG] [paramtable/grpc_param.go:263] ["Init initial back off"] [role=indexcoord] [grpc.client.initialBackOff=104857600]
[2025/11/15 14:50:35.910 +08:00] [DEBUG] [paramtable/grpc_param.go:263] ["Init max back off"] [role=indexcoord] [grpc.client.maxBackoff=104857600]
[2025/11/15 14:50:35.910 +08:00] [INFO] [rootcoord/service.go:221] ["RootCoord start to create QueryCoord client"]
[2025/11/15 14:50:35.910 +08:00] [INFO] [sessionutil/session_util.go:207] ["Session try to connect to etcd"]
[2025/11/15 14:50:35.910 +08:00] [INFO] [sessionutil/session_util.go:222] ["Session connect to etcd success"]
[2025/11/15 14:50:35.912 +08:00] [INFO] [config/etcd_source.go:145] ["start refreshing configurations"]
[2025/11/15 14:50:35.912 +08:00] [INFO] [config/etcd_source.go:145] ["start refreshing configurations"]
[2025/11/15 14:50:35.915 +08:00] [DEBUG] [paramtable/grpc_param.go:263] ["Init client max send size"] [role=querycoord] [grpc.clientMaxSendSize=104857600]
[2025/11/15 14:50:35.915 +08:00] [DEBUG] [paramtable/grpc_param.go:263] ["Init client max recv size"] [role=querycoord] [grpc.clientMaxRecvSize=104857600]
[2025/11/15 14:50:35.915 +08:00] [DEBUG] [paramtable/grpc_param.go:263] ["Init dial timeout"] [role=querycoord] [grpc.client.dialTimeout=104857600]
[2025/11/15 14:50:35.915 +08:00] [DEBUG] [paramtable/grpc_param.go:263] ["Init keep alive timeout"] [role=querycoord] [grpc.client.keepAliveTimeout=104857600]
[2025/11/15 14:50:35.915 +08:00] [DEBUG] [paramtable/grpc_param.go:263] ["Init keep alive time"] [role=querycoord] [grpc.client.keepAliveTime=104857600]
[2025/11/15 14:50:35.915 +08:00] [DEBUG] [paramtable/grpc_param.go:263] ["Init max attempts"] [role=querycoord] [grpc.client.maxMaxAttempts=104857600]
[2025/11/15 14:50:35.915 +08:00] [DEBUG] [paramtable/grpc_param.go:263] ["Init initial back off"] [role=querycoord] [grpc.client.initialBackOff=104857600]
[2025/11/15 14:50:35.915 +08:00] [DEBUG] [paramtable/grpc_param.go:263] ["Init max back off"] [role=querycoord] [grpc.client.maxBackoff=104857600]
[2025/11/15 14:50:35.915 +08:00] [INFO] [sessionutil/session_util.go:207] ["Session try to connect to etcd"]
[2025/11/15 14:50:35.915 +08:00] [DEBUG] [paramtable/grpc_param.go:263] ["Init client max send size"] [role=indexnode] [grpc.clientMaxSendSize=104857600]
[2025/11/15 14:50:35.915 +08:00] [DEBUG] [paramtable/grpc_param.go:263] ["Init client max recv size"] [role=indexnode] [grpc.clientMaxRecvSize=104857600]
[2025/11/15 14:50:35.915 +08:00] [DEBUG] [paramtable/grpc_param.go:263] ["Init dial timeout"] [role=indexnode] [grpc.client.dialTimeout=104857600]
[2025/11/15 14:50:35.915 +08:00] [DEBUG] [paramtable/grpc_param.go:263] ["Init keep alive timeout"] [role=indexnode] [grpc.client.keepAliveTimeout=104857600]
[2025/11/15 14:50:35.915 +08:00] [DEBUG] [paramtable/grpc_param.go:263] ["Init keep alive time"] [role=indexnode] [grpc.client.keepAliveTime=104857600]
[2025/11/15 14:50:35.916 +08:00] [DEBUG] [paramtable/grpc_param.go:263] ["Init max attempts"] [role=indexnode] [grpc.client.maxMaxAttempts=104857600]
[2025/11/15 14:50:35.916 +08:00] [DEBUG] [paramtable/grpc_param.go:263] ["Init initial back off"] [role=indexnode] [grpc.client.initialBackOff=104857600]
[2025/11/15 14:50:35.916 +08:00] [INFO] [sessionutil/session_util.go:222] ["Session connect to etcd success"]
[2025/11/15 14:50:35.916 +08:00] [DEBUG] [paramtable/grpc_param.go:263] ["Init max back off"] [role=indexnode] [grpc.client.maxBackoff=104857600]
[2025/11/15 14:50:35.916 +08:00] [DEBUG] [indexcoord/node_manager.go:59] ["IndexCoord NodeManager setClient"] [nodeID=20]
[2025/11/15 14:50:35.916 +08:00] [INFO] [indexcoord/node_manager.go:69] ["IndexNode NodeManager setClient success"] [nodeID=20] ["IndexNode num"=1]
[2025/11/15 14:50:35.916 +08:00] [INFO] [indexcoord/node_manager.go:95] ["IndexCoord addNode"] [nodeID=28] ["node address"=192.168.0.109:40004]
[2025/11/15 14:50:35.916 +08:00] [DEBUG] [indexcoord/node_manager.go:59] ["IndexCoord NodeManager setClient"] [nodeID=28]
[2025/11/15 14:50:35.916 +08:00] [INFO] [indexcoord/node_manager.go:69] ["IndexNode NodeManager setClient success"] [nodeID=28] ["IndexNode num"=2]
[2025/11/15 14:50:35.916 +08:00] [INFO] [indexcoord/node_manager.go:95] ["IndexCoord addNode"] [nodeID=34] ["node address"=192.168.0.109:40004]
[2025/11/15 14:50:35.916 +08:00] [DEBUG] [indexcoord/node_manager.go:59] ["IndexCoord NodeManager setClient"] [nodeID=34]
[2025/11/15 14:50:35.916 +08:00] [INFO] [indexcoord/node_manager.go:69] ["IndexNode NodeManager setClient success"] [nodeID=34] ["IndexNode num"=3]
[2025/11/15 14:50:35.916 +08:00] [INFO] [indexcoord/index_coord.go:253] [IndexCoord] ["IndexNode number"=3]
[2025/11/15 14:50:35.916 +08:00] [INFO] [indexcoord/index_coord.go:264] ["IndexCoord new minio chunkManager success"]
[2025/11/15 14:50:35.916 +08:00] [INFO] [indexcoord/flush_segment_watcher.go:87] ["flushSegmentWatcher reloadFromKV"]
[2025/11/15 14:50:35.917 +08:00] [INFO] [indexcoord/flush_segment_watcher.go:109] ["flushSegmentWatcher reloadFromKV success"] [etcdRevision=451]
[2025/11/15 14:50:35.917 +08:00] [INFO] [indexcoord/index_coord.go:278] ["IndexCoord new task scheduler success"]
[2025/11/15 14:50:35.917 +08:00] [INFO] [indexcoord/index_coord.go:281] ["IndexCoord init finished"]
[2025/11/15 14:50:35.917 +08:00] [INFO] [sessionutil/session_util.go:207] ["Session try to connect to etcd"]
[2025/11/15 14:50:35.919 +08:00] [INFO] [sessionutil/session_util.go:305] ["Session get serverID success"] [key=id] [ServerId=36]
[2025/11/15 14:50:35.919 +08:00] [INFO] [sessionutil/session_util.go:222] ["Session connect to etcd success"]
[2025/11/15 14:50:35.919 +08:00] [INFO] [indexcoord/service.go:151] ["IndexCoord try to wait for RootCoord ready"]
[2025/11/15 14:50:35.919 +08:00] [INFO] [rootcoord/root_coord.go:173] ["update rootcoord state"] [state=Initializing]
[2025/11/15 14:50:35.919 +08:00] [INFO] [sessionutil/session_util.go:532] ["SessionUtil GetSessions "] [prefix=rootcoord] [key=rootcoord] [address=192.168.0.109:40000]
[2025/11/15 14:50:35.919 +08:00] [INFO] [client/client.go:109] ["RootCoordClient GetSessions success"] [address=192.168.0.109:40000]
[2025/11/15 14:50:35.921 +08:00] [INFO] [gc/gc_tuner.go:84] ["GC Tune done"] ["previous GOGC"=100] ["heapuse "=28] ["total memory"=14417] ["next GC"=35] ["new GOGC"=200] [gc-pause=0s] [gc-pause-end=1763189435920948700]
[2025/11/15 14:50:35.921 +08:00] [WARN] [grpcclient/client.go:298] ["start to reset connection because of specific reasons"] [client_role=rootcoord] [error="rpc error: code = Unknown desc = expected=%!s(int64=23), actual=%!s(int64=36): server ID mismatch"]
[2025/11/15 14:50:35.921 +08:00] [INFO] [tso/tso.go:121] ["sync and save timestamp"] [last=2025/11/15 14:49:57.625 +08:00] [save=2025/11/15 14:50:38.919 +08:00] [next=2025/11/15 14:50:35.919 +08:00]
[2025/11/15 14:50:35.921 +08:00] [INFO] [rootcoord/root_coord.go:385] ["id allocator initialized"] [root_path=by-dev/kv] [sub_path=gid] [key=idTimestamp]
[2025/11/15 14:50:35.921 +08:00] [INFO] [sessionutil/session_util.go:532] ["SessionUtil GetSessions "] [prefix=rootcoord] [key=rootcoord] [address=192.168.0.109:40000]
[2025/11/15 14:50:35.921 +08:00] [INFO] [client/client.go:109] ["RootCoordClient GetSessions success"] [address=192.168.0.109:40000]
[2025/11/15 14:50:35.923 +08:00] [INFO] [tso/tso.go:121] ["sync and save timestamp"] [last=2025/11/15 14:49:57.627 +08:00] [save=2025/11/15 14:50:38.921 +08:00] [next=2025/11/15 14:50:35.921 +08:00]
[2025/11/15 14:50:35.923 +08:00] [INFO] [rootcoord/root_coord.go:401] ["tso allocator initialized"] [root_path=by-dev/kv] [sub_path=gid] [key=idTimestamp]
[2025/11/15 14:50:35.923 +08:00] [DEBUG] [rootcoord/suffix_snapshot.go:558] ["suffix snapshot GC goroutine start!"]
[2025/11/15 14:50:35.923 +08:00] [INFO] [rootcoord/meta_table.go:148] ["recover databases"] ["num of dbs"=1]
[2025/11/15 14:50:35.924 +08:00] [INFO] [rootcoord/meta_table.go:186] ["recover collections from db"] [collection_num=1] [partition_num=1]
[2025/11/15 14:50:35.924 +08:00] [INFO] [rootcoord/meta_table.go:203] ["meta table recovery finished"]
[2025/11/15 14:50:35.924 +08:00] [WARN] [server/rocksmq_impl.go:358] ["rocksmq topic already exists "] [topic=by-dev-rootcoord-dml_0]
[2025/11/15 14:50:35.924 +08:00] [DEBUG] [rmq/rmq_client.go:65] ["tr/create producer"] [msg="create producer done"] [duration=0s]
[2025/11/15 14:50:35.924 +08:00] [WARN] [server/rocksmq_impl.go:358] ["rocksmq topic already exists "] [topic=by-dev-rootcoord-dml_1]
[2025/11/15 14:50:35.924 +08:00] [DEBUG] [rmq/rmq_client.go:65] ["tr/create producer"] [msg="create producer done"] [duration=0s]
[2025/11/15 14:50:35.924 +08:00] [WARN] [server/rocksmq_impl.go:358] ["rocksmq topic already exists "] [topic=by-dev-rootcoord-dml_2]
[2025/11/15 14:50:35.924 +08:00] [DEBUG] [rmq/rmq_client.go:65] ["tr/create producer"] [msg="create producer done"] [duration=0s]
[2025/11/15 14:50:35.924 +08:00] [WARN] [server/rocksmq_impl.go:358] ["rocksmq topic already exists "] [topic=by-dev-rootcoord-dml_3]
[2025/11/15 14:50:35.924 +08:00] [DEBUG] [rmq/rmq_client.go:65] ["tr/create producer"] [msg="create producer done"] [duration=0s]
[2025/11/15 14:50:35.924 +08:00] [WARN] [server/rocksmq_impl.go:358] ["rocksmq topic already exists "] [topic=by-dev-rootcoord-dml_4]
[2025/11/15 14:50:35.924 +08:00] [DEBUG] [rmq/rmq_client.go:65] ["tr/create producer"] [msg="create producer done"] [duration=0s]
[2025/11/15 14:50:35.924 +08:00] [WARN] [server/rocksmq_impl.go:358] ["rocksmq topic already exists "] [topic=by-dev-rootcoord-dml_5]
[2025/11/15 14:50:35.924 +08:00] [DEBUG] [rmq/rmq_client.go:65] ["tr/create producer"] [msg="create producer done"] [duration=0s]
[2025/11/15 14:50:35.924 +08:00] [WARN] [server/rocksmq_impl.go:358] ["rocksmq topic already exists "] [topic=by-dev-rootcoord-dml_6]
[2025/11/15 14:50:35.924 +08:00] [DEBUG] [rmq/rmq_client.go:65] ["tr/create producer"] [msg="create producer done"] [duration=0s]
[2025/11/15 14:50:35.924 +08:00] [WARN] [server/rocksmq_impl.go:358] ["rocksmq topic already exists "] [topic=by-dev-rootcoord-dml_7]
[2025/11/15 14:50:35.924 +08:00] [DEBUG] [rmq/rmq_client.go:65] ["tr/create producer"] [msg="create producer done"] [duration=0s]
[2025/11/15 14:50:35.924 +08:00] [WARN] [server/rocksmq_impl.go:358] ["rocksmq topic already exists "] [topic=by-dev-rootcoord-dml_8]
[2025/11/15 14:50:35.924 +08:00] [DEBUG] [rmq/rmq_client.go:65] ["tr/create producer"] [msg="create producer done"] [duration=0s]
[2025/11/15 14:50:35.924 +08:00] [WARN] [server/rocksmq_impl.go:358] ["rocksmq topic already exists "] [topic=by-dev-rootcoord-dml_9]
[2025/11/15 14:50:35.924 +08:00] [DEBUG] [rmq/rmq_client.go:65] ["tr/create producer"] [msg="create producer done"] [duration=0s]
[2025/11/15 14:50:35.924 +08:00] [WARN] [server/rocksmq_impl.go:358] ["rocksmq topic already exists "] [topic=by-dev-rootcoord-dml_10]
[2025/11/15 14:50:35.924 +08:00] [DEBUG] [rmq/rmq_client.go:65] ["tr/create producer"] [msg="create producer done"] [duration=0s]
[2025/11/15 14:50:35.924 +08:00] [WARN] [server/rocksmq_impl.go:358] ["rocksmq topic already exists "] [topic=by-dev-rootcoord-dml_11]
[2025/11/15 14:50:35.924 +08:00] [DEBUG] [rmq/rmq_client.go:65] ["tr/create producer"] [msg="create producer done"] [duration=0s]
[2025/11/15 14:50:35.924 +08:00] [WARN] [server/rocksmq_impl.go:358] ["rocksmq topic already exists "] [topic=by-dev-rootcoord-dml_12]
[2025/11/15 14:50:35.924 +08:00] [DEBUG] [rmq/rmq_client.go:65] ["tr/create producer"] [msg="create producer done"] [duration=0s]
[2025/11/15 14:50:35.924 +08:00] [WARN] [server/rocksmq_impl.go:358] ["rocksmq topic already exists "] [topic=by-dev-rootcoord-dml_13]
[2025/11/15 14:50:35.924 +08:00] [DEBUG] [rmq/rmq_client.go:65] ["tr/create producer"] [msg="create producer done"] [duration=0s]
[2025/11/15 14:50:35.924 +08:00] [WARN] [server/rocksmq_impl.go:358] ["rocksmq topic already exists "] [topic=by-dev-rootcoord-dml_14]
[2025/11/15 14:50:35.924 +08:00] [DEBUG] [rmq/rmq_client.go:65] ["tr/create producer"] [msg="create producer done"] [duration=0s]
[2025/11/15 14:50:35.924 +08:00] [WARN] [server/rocksmq_impl.go:358] ["rocksmq topic already exists "] [topic=by-dev-rootcoord-dml_15]
[2025/11/15 14:50:35.924 +08:00] [DEBUG] [rmq/rmq_client.go:65] ["tr/create producer"] [msg="create producer done"] [duration=0s]
[2025/11/15 14:50:35.924 +08:00] [INFO] [rootcoord/dml_channels.go:178] ["init dml channels"] [prefix=by-dev-rootcoord-dml] [num=16]
[2025/11/15 14:50:35.924 +08:00] [INFO] [rootcoord/timeticksync.go:121] ["recover physical channels"] [collID=462196801142522625] ["physical channels"="[by-dev-rootcoord-dml_0]"]
[2025/11/15 14:50:35.924 +08:00] [INFO] [rootcoord/timeticksync.go:121] ["recover physical channels"] [collID=462196801142524164] ["physical channels"="[by-dev-rootcoord-dml_1]"]
[2025/11/15 14:50:35.924 +08:00] [INFO] [rootcoord/timeticksync.go:121] ["recover physical channels"] [collID=462196801142524308] ["physical channels"="[by-dev-rootcoord-dml_2]"]
[2025/11/15 14:50:35.924 +08:00] [INFO] [rootcoord/timeticksync.go:226] ["Add session for timeticksync"] [serverID=36]
[2025/11/15 14:50:35.924 +08:00] [INFO] [rootcoord/root_coord.go:470] ["RootCoord init QuotaCenter done"]
[2025/11/15 14:50:35.925 +08:00] [DEBUG] [rootcoord/kv_catalog.go:727] ["the key has existed"] [key=root-coord/credential/roles/admin]
[2025/11/15 14:50:35.925 +08:00] [DEBUG] [rootcoord/kv_catalog.go:727] ["the key has existed"] [key=root-coord/credential/roles/public]
[2025/11/15 14:50:35.925 +08:00] [INFO] [rootcoord/service.go:162] ["RootCoord init done ..."]
[2025/11/15 14:50:35.925 +08:00] [INFO] [rootcoord/service.go:299] ["RootCoord Core start ..."]
[2025/11/15 14:50:35.925 +08:00] [INFO] [sessionutil/session_util.go:368] ["service begin to register to etcd"] [serverName=rootcoord] [ServerID=36]
[2025/11/15 14:50:35.925 +08:00] [INFO] [config/etcd_source.go:145] ["start refreshing configurations"]
[2025/11/15 14:50:35.925 +08:00] [INFO] [paramtable/quota_param.go:787] ["init disk quota"] [diskQuota(MB)=+inf]
[2025/11/15 14:50:35.925 +08:00] [INFO] [paramtable/quota_param.go:802] ["init disk quota per DB"] [diskQuotaPerCollection(MB)=1.7976931348623157e+308]
[2025/11/15 14:50:35.925 +08:00] [INFO] [paramtable/component_param.go:1578] ["init segment max idle time"] [value=10m0s]
[2025/11/15 14:50:35.925 +08:00] [INFO] [paramtable/component_param.go:1583] ["init segment min size from idle to sealed"] [value=16]
[2025/11/15 14:50:35.925 +08:00] [INFO] [paramtable/component_param.go:1593] ["init segment max binlog file to sealed"] [value=32]
[2025/11/15 14:50:35.925 +08:00] [INFO] [paramtable/component_param.go:1588] ["init segment expansion rate"] [value=1.25]
[2025/11/15 14:50:35.927 +08:00] [INFO] [paramtable/base_table.go:145] ["cannot find etcd.endpoints"]
[2025/11/15 14:50:35.927 +08:00] [INFO] [paramtable/hook_config.go:19] ["hook config"] [hook={}]
[2025/11/15 14:50:36.001 +08:00] [INFO] [sessionutil/session_util.go:814] ["register session success"] [role=indexnode] [key=by-dev/meta/session/indexnode-34]
[2025/11/15 14:50:36.082 +08:00] [INFO] [sessionutil/session_util.go:207] ["Session try to connect to etcd"]
[2025/11/15 14:50:36.082 +08:00] [INFO] [sessionutil/session_util.go:222] ["Session connect to etcd success"]
[2025/11/15 14:50:36.082 +08:00] [INFO] [datacoord/service.go:123] ["create IndexCoord client for DataCoord done"]
[2025/11/15 14:50:36.082 +08:00] [INFO] [datacoord/service.go:126] ["init IndexCoord client for DataCoord"]
[2025/11/15 14:50:36.082 +08:00] [INFO] [datacoord/service.go:131] ["init IndexCoord client for DataCoord done"]
[2025/11/15 14:50:36.082 +08:00] [INFO] [datacoord/service.go:159] ["network port"] [port=40005]
[2025/11/15 14:50:36.190 +08:00] [INFO] [sessionutil/session_util.go:207] ["Session try to connect to etcd"]
[2025/11/15 14:50:36.190 +08:00] [INFO] [sessionutil/session_util.go:222] ["Session connect to etcd success"]
[2025/11/15 14:50:36.193 +08:00] [INFO] [sessionutil/session_util.go:305] ["Session get serverID success"] [key=id] [ServerId=37]
[2025/11/15 14:50:36.193 +08:00] [INFO] [sessionutil/session_util.go:207] ["Session try to connect to etcd"]
[2025/11/15 14:50:36.193 +08:00] [INFO] [sessionutil/session_util.go:222] ["Session connect to etcd success"]
[2025/11/15 14:50:36.194 +08:00] [INFO] [datacoord/channel_store.go:165] ["channel store reload channel"] [nodeID=25] [channel=by-dev-rootcoord-dml_2_462196801142524308v0]
[2025/11/15 14:50:36.194 +08:00] [INFO] [sessionutil/session_util.go:561] ["SessionUtil GetSessions "] [prefix=datanode] [key=datanode-25] [address=192.168.0.109:40006]
[2025/11/15 14:50:36.194 +08:00] [INFO] [datacoord/server.go:439] ["DataCoord success to get DataNode sessions"] [sessions="{\"datanode-25\":{\"ServerID\":25,\"ServerName\":\"datanode\",\"Address\":\"192.168.0.109:40006\",\"TriggerKill\":true,\"Version\":\"2.2.16\"}}"]
[2025/11/15 14:50:36.194 +08:00] [INFO] [datacoord/channel_manager.go:211] ["processing watch info"] ["watch state"=WatchSuccess] ["channel name"=by-dev-rootcoord-dml_2_462196801142524308v0]
[2025/11/15 14:50:36.194 +08:00] [INFO] [datacoord/channel_manager.go:171] ["starting etcd states checker"]
[2025/11/15 14:50:36.194 +08:00] [INFO] [datacoord/channel_manager.go:176] ["starting background balance checker"]
[2025/11/15 14:50:36.194 +08:00] [INFO] [datacoord/channel_manager.go:179] ["cluster start up"] [nodes="[25]"] [oNodes="[25]"] ["old onlines"="[25]"] ["new onlines"="[]"] [offLines="[]"]
[2025/11/15 14:50:36.194 +08:00] [INFO] [sessionutil/session_util.go:532] ["SessionUtil GetSessions "] [prefix=querycoord] [key=querycoord] [address=192.168.0.109:40001]
[2025/11/15 14:50:36.194 +08:00] [INFO] [datacoord/segment_reference_manager.go:41] ["create a new segment reference manager"]
[2025/11/15 14:50:36.194 +08:00] [INFO] [datacoord/segment_reference_manager.go:184] ["recovery reference lock on segments by online nodes"] ["online nodeIDs"="[26]"]
[2025/11/15 14:50:36.194 +08:00] [INFO] [datacoord/segment_reference_manager.go:204] ["recovery reference lock on segments by online nodes successfully"] ["online nodeIDs"="[26]"] ["offline nodeIDs"={}]
[2025/11/15 14:50:36.195 +08:00] [INFO] [datacoord/segment_reference_manager.go:75] ["create new segment reference manager successfully"]
[2025/11/15 14:50:36.195 +08:00] [INFO] [sessionutil/session_util.go:532] ["SessionUtil GetSessions "] [prefix=rootcoord] [key=rootcoord] [address=192.168.0.109:40000]
[2025/11/15 14:50:36.195 +08:00] [INFO] [client/client.go:109] ["RootCoordClient GetSessions success"] [address=192.168.0.109:40000]
[2025/11/15 14:50:36.196 +08:00] [WARN] [grpcclient/client.go:298] ["start to reset connection because of specific reasons"] [client_role=rootcoord] [error="rpc error: code = Unknown desc = expected=%!s(int64=23), actual=%!s(int64=36): server ID mismatch"]
[2025/11/15 14:50:36.196 +08:00] [INFO] [sessionutil/session_util.go:532] ["SessionUtil GetSessions "] [prefix=rootcoord] [key=rootcoord] [address=192.168.0.109:40000]
[2025/11/15 14:50:36.196 +08:00] [INFO] [client/client.go:109] ["RootCoordClient GetSessions success"] [address=192.168.0.109:40000]
[2025/11/15 14:50:36.907 +08:00] [INFO] [sessionutil/session_util.go:532] ["SessionUtil GetSessions "] [prefix=rootcoord] [key=rootcoord] [address=192.168.0.109:40000]
[2025/11/15 14:50:36.907 +08:00] [INFO] [client/client.go:109] ["RootCoordClient GetSessions success"] [address=192.168.0.109:40000]
[2025/11/15 14:50:36.907 +08:00] [INFO] [sessionutil/session_util.go:532] ["SessionUtil GetSessions "] [prefix=rootcoord] [key=rootcoord] [address=192.168.0.109:40000]
[2025/11/15 14:50:36.907 +08:00] [INFO] [client/client.go:109] ["RootCoordClient GetSessions success"] [address=192.168.0.109:40000]
[2025/11/15 14:50:36.907 +08:00] [INFO] [sessionutil/session_util.go:532] ["SessionUtil GetSessions "] [prefix=rootcoord] [key=rootcoord] [address=192.168.0.109:40000]
[2025/11/15 14:50:36.907 +08:00] [INFO] [client/client.go:109] ["RootCoordClient GetSessions success"] [address=192.168.0.109:40000]
[2025/11/15 14:50:36.923 +08:00] [WARN] [grpcclient/client.go:298] ["start to reset connection because of specific reasons"] [client_role=rootcoord] [error="rpc error: code = Unknown desc = expected=%!s(int64=23), actual=%!s(int64=36): server ID mismatch"]
[2025/11/15 14:50:36.923 +08:00] [INFO] [sessionutil/session_util.go:532] ["SessionUtil GetSessions "] [prefix=rootcoord] [key=rootcoord] [address=192.168.0.109:40000]
[2025/11/15 14:50:36.923 +08:00] [INFO] [client/client.go:109] ["RootCoordClient GetSessions success"] [address=192.168.0.109:40000]
